{"C:\\Users\\jonas\\OneDrive\\Documents\\GitHub\\Carbon\\Carbon\\App.js": {"path":"C:\\Users\\jonas\\OneDrive\\Documents\\GitHub\\Carbon\\Carbon\\App.js","statementMap":{"0":{"start":{"line":5,"column":2},"end":{"line":7,"column":3}}},"fnMap":{"0":{"name":"App","decl":{"start":{"line":4,"column":9},"end":{"line":4,"column":12}},"loc":{"start":{"line":4,"column":14},"end":{"line":8,"column":1}},"line":4}},"branchMap":{},"s":{"0":0},"f":{"0":0},"b":{}}
,"C:\\Users\\jonas\\OneDrive\\Documents\\GitHub\\Carbon\\Carbon\\colors\\Colors.js": {"path":"C:\\Users\\jonas\\OneDrive\\Documents\\GitHub\\Carbon\\Carbon\\colors\\Colors.js","statementMap":{"0":{"start":{"line":1,"column":22},"end":{"line":15,"column":1}}},"fnMap":{},"branchMap":{},"s":{"0":1},"f":{},"b":{},"_coverageSchema":"1a1c01bbd47fc00a2c39e90264f33305004495a9","hash":"708ea5b574edf899d2a3079d30eaddd6aad1ae91"}
,"C:\\Users\\jonas\\OneDrive\\Documents\\GitHub\\Carbon\\Carbon\\components\\ChartData.js": {"path":"C:\\Users\\jonas\\OneDrive\\Documents\\GitHub\\Carbon\\Carbon\\components\\ChartData.js","statementMap":{"0":{"start":{"line":6,"column":20},"end":{"line":6,"column":50}},"1":{"start":{"line":7,"column":21},"end":{"line":7,"column":52}},"2":{"start":{"line":8,"column":15},"end":{"line":8,"column":17}},"3":{"start":{"line":9,"column":19},"end":{"line":9,"column":45}},"4":{"start":{"line":10,"column":20},"end":{"line":10,"column":23}},"5":{"start":{"line":18,"column":25},"end":{"line":32,"column":9}},"6":{"start":{"line":24,"column":34},"end":{"line":24,"column":53}},"7":{"start":{"line":25,"column":34},"end":{"line":25,"column":53}},"8":{"start":{"line":26,"column":34},"end":{"line":26,"column":53}},"9":{"start":{"line":27,"column":34},"end":{"line":27,"column":53}},"10":{"start":{"line":28,"column":34},"end":{"line":28,"column":53}},"11":{"start":{"line":34,"column":4},"end":{"line":47,"column":5}},"12":{"start":{"line":51,"column":17},"end":{"line":92,"column":2}},"13":{"start":{"line":68,"column":32},"end":{"line":68,"column":65}},"14":{"start":{"line":69,"column":37},"end":{"line":69,"column":64}}},"fnMap":{"0":{"name":"DailyLog","decl":{"start":{"line":15,"column":16},"end":{"line":15,"column":24}},"loc":{"start":{"line":15,"column":39},"end":{"line":48,"column":1}},"line":15},"1":{"name":"(anonymous_1)","decl":{"start":{"line":24,"column":16},"end":{"line":24,"column":17}},"loc":{"start":{"line":24,"column":34},"end":{"line":24,"column":53}},"line":24},"2":{"name":"(anonymous_2)","decl":{"start":{"line":25,"column":16},"end":{"line":25,"column":17}},"loc":{"start":{"line":25,"column":34},"end":{"line":25,"column":53}},"line":25},"3":{"name":"(anonymous_3)","decl":{"start":{"line":26,"column":16},"end":{"line":26,"column":17}},"loc":{"start":{"line":26,"column":34},"end":{"line":26,"column":53}},"line":26},"4":{"name":"(anonymous_4)","decl":{"start":{"line":27,"column":16},"end":{"line":27,"column":17}},"loc":{"start":{"line":27,"column":34},"end":{"line":27,"column":53}},"line":27},"5":{"name":"(anonymous_5)","decl":{"start":{"line":28,"column":16},"end":{"line":28,"column":17}},"loc":{"start":{"line":28,"column":34},"end":{"line":28,"column":53}},"line":28},"6":{"name":"(anonymous_6)","decl":{"start":{"line":68,"column":15},"end":{"line":68,"column":16}},"loc":{"start":{"line":68,"column":32},"end":{"line":68,"column":65}},"line":68},"7":{"name":"(anonymous_7)","decl":{"start":{"line":69,"column":20},"end":{"line":69,"column":21}},"loc":{"start":{"line":69,"column":37},"end":{"line":69,"column":64}},"line":69}},"branchMap":{"0":{"loc":{"start":{"line":24,"column":17},"end":{"line":24,"column":28}},"type":"default-arg","locations":[{"start":{"line":24,"column":27},"end":{"line":24,"column":28}}],"line":24},"1":{"loc":{"start":{"line":25,"column":17},"end":{"line":25,"column":28}},"type":"default-arg","locations":[{"start":{"line":25,"column":27},"end":{"line":25,"column":28}}],"line":25},"2":{"loc":{"start":{"line":26,"column":17},"end":{"line":26,"column":28}},"type":"default-arg","locations":[{"start":{"line":26,"column":27},"end":{"line":26,"column":28}}],"line":26},"3":{"loc":{"start":{"line":27,"column":17},"end":{"line":27,"column":28}},"type":"default-arg","locations":[{"start":{"line":27,"column":27},"end":{"line":27,"column":28}}],"line":27},"4":{"loc":{"start":{"line":28,"column":17},"end":{"line":28,"column":28}},"type":"default-arg","locations":[{"start":{"line":28,"column":27},"end":{"line":28,"column":28}}],"line":28},"5":{"loc":{"start":{"line":68,"column":16},"end":{"line":68,"column":27}},"type":"default-arg","locations":[{"start":{"line":68,"column":26},"end":{"line":68,"column":27}}],"line":68},"6":{"loc":{"start":{"line":69,"column":21},"end":{"line":69,"column":32}},"type":"default-arg","locations":[{"start":{"line":69,"column":31},"end":{"line":69,"column":32}}],"line":69}},"s":{"0":1,"1":1,"2":1,"3":1,"4":1,"5":1,"6":2,"7":2,"8":2,"9":2,"10":2,"11":1,"12":1,"13":12,"14":20},"f":{"0":1,"1":2,"2":2,"3":2,"4":2,"5":2,"6":12,"7":20},"b":{"0":[0],"1":[0],"2":[0],"3":[0],"4":[0],"5":[0],"6":[0]},"_coverageSchema":"1a1c01bbd47fc00a2c39e90264f33305004495a9","hash":"3f0fecc24387f45063a894a57c0bea7956090d58"}
,"C:\\Users\\jonas\\OneDrive\\Documents\\GitHub\\Carbon\\Carbon\\navigation\\screens\\index.js": {"path":"C:\\Users\\jonas\\OneDrive\\Documents\\GitHub\\Carbon\\Carbon\\navigation\\screens\\index.js","statementMap":{},"fnMap":{},"branchMap":{},"s":{},"f":{},"b":{}}
,"C:\\Users\\jonas\\OneDrive\\Documents\\GitHub\\Carbon\\Carbon\\navigation\\screens\\Browser\\BrowserScreen.js": {"path":"C:\\Users\\jonas\\OneDrive\\Documents\\GitHub\\Carbon\\Carbon\\navigation\\screens\\Browser\\BrowserScreen.js","statementMap":{"0":{"start":{"line":5,"column":19},"end":{"line":10,"column":19}},"1":{"start":{"line":6,"column":0},"end":{"line":10,"column":19}},"2":{"start":{"line":7,"column":4},"end":{"line":7,"column":23}},"3":{"start":{"line":21,"column":8},"end":{"line":30,"column":9}}},"fnMap":{"0":{"name":"(anonymous_0)","decl":{"start":{"line":5,"column":19},"end":{"line":5,"column":20}},"loc":{"start":{"line":6,"column":0},"end":{"line":10,"column":19}},"line":6},"1":{"name":"(anonymous_1)","decl":{"start":{"line":6,"column":27},"end":{"line":6,"column":28}},"loc":{"start":{"line":6,"column":33},"end":{"line":8,"column":1}},"line":6},"2":{"name":"(anonymous_2)","decl":{"start":{"line":20,"column":4},"end":{"line":20,"column":5}},"loc":{"start":{"line":20,"column":13},"end":{"line":31,"column":5}},"line":20}},"branchMap":{},"s":{"0":0,"1":0,"2":0,"3":0},"f":{"0":0,"1":0,"2":0},"b":{}}
,"C:\\Users\\jonas\\OneDrive\\Documents\\GitHub\\Carbon\\Carbon\\navigation\\screens\\Forum\\ForumScreen.js": {"path":"C:\\Users\\jonas\\OneDrive\\Documents\\GitHub\\Carbon\\Carbon\\navigation\\screens\\Forum\\ForumScreen.js","statementMap":{"0":{"start":{"line":5,"column":4},"end":{"line":25,"column":5}},"1":{"start":{"line":15,"column":20},"end":{"line":15,"column":47}}},"fnMap":{"0":{"name":"ForumScreen","decl":{"start":{"line":4,"column":24},"end":{"line":4,"column":35}},"loc":{"start":{"line":4,"column":50},"end":{"line":26,"column":1}},"line":4},"1":{"name":"(anonymous_1)","decl":{"start":{"line":14,"column":25},"end":{"line":14,"column":26}},"loc":{"start":{"line":15,"column":20},"end":{"line":15,"column":47}},"line":15}},"branchMap":{},"s":{"0":0,"1":0},"f":{"0":0,"1":0},"b":{}}
,"C:\\Users\\jonas\\OneDrive\\Documents\\GitHub\\Carbon\\Carbon\\navigation\\screens\\Home\\GetData.js": {"path":"C:\\Users\\jonas\\OneDrive\\Documents\\GitHub\\Carbon\\Carbon\\navigation\\screens\\Home\\GetData.js","statementMap":{"0":{"start":{"line":6,"column":16},"end":{"line":21,"column":1}},"1":{"start":{"line":7,"column":2},"end":{"line":19,"column":5}},"2":{"start":{"line":8,"column":22},"end":{"line":8,"column":25}},"3":{"start":{"line":10,"column":18},"end":{"line":10,"column":80}},"4":{"start":{"line":11,"column":6},"end":{"line":11,"column":47}},"5":{"start":{"line":12,"column":23},"end":{"line":12,"column":39}},"6":{"start":{"line":13,"column":19},"end":{"line":13,"column":40}},"7":{"start":{"line":14,"column":6},"end":{"line":14,"column":24}},"8":{"start":{"line":15,"column":6},"end":{"line":15,"column":17}},"9":{"start":{"line":18,"column":6},"end":{"line":18,"column":25}}},"fnMap":{"0":{"name":"(anonymous_0)","decl":{"start":{"line":6,"column":16},"end":{"line":6,"column":17}},"loc":{"start":{"line":6,"column":27},"end":{"line":21,"column":1}},"line":6}},"branchMap":{},"s":{"0":0,"1":0,"2":0,"3":0,"4":0,"5":0,"6":0,"7":0,"8":0,"9":0},"f":{"0":0},"b":{}}
,"C:\\Users\\jonas\\OneDrive\\Documents\\GitHub\\Carbon\\Carbon\\navigation\\screens\\Home\\HomeScreen.js": {"path":"C:\\Users\\jonas\\OneDrive\\Documents\\GitHub\\Carbon\\Carbon\\navigation\\screens\\Home\\HomeScreen.js","statementMap":{"0":{"start":{"line":5,"column":4},"end":{"line":26,"column":5}},"1":{"start":{"line":15,"column":20},"end":{"line":15,"column":55}}},"fnMap":{"0":{"name":"HomeScreen","decl":{"start":{"line":4,"column":24},"end":{"line":4,"column":34}},"loc":{"start":{"line":4,"column":49},"end":{"line":27,"column":1}},"line":4},"1":{"name":"(anonymous_1)","decl":{"start":{"line":14,"column":25},"end":{"line":14,"column":26}},"loc":{"start":{"line":15,"column":20},"end":{"line":15,"column":55}},"line":15}},"branchMap":{},"s":{"0":0,"1":0},"f":{"0":0,"1":0},"b":{}}
,"C:\\Users\\jonas\\OneDrive\\Documents\\GitHub\\Carbon\\Carbon\\navigation\\screens\\Home\\Log.js": {"path":"C:\\Users\\jonas\\OneDrive\\Documents\\GitHub\\Carbon\\Carbon\\navigation\\screens\\Home\\Log.js","statementMap":{"0":{"start":{"line":15,"column":21},"end":{"line":15,"column":68}},"1":{"start":{"line":16,"column":32},"end":{"line":16,"column":43}},"2":{"start":{"line":18,"column":32},"end":{"line":18,"column":46}},"3":{"start":{"line":19,"column":29},"end":{"line":19,"column":43}},"4":{"start":{"line":21,"column":4},"end":{"line":34,"column":11}},"5":{"start":{"line":24,"column":12},"end":{"line":31,"column":13}},"6":{"start":{"line":25,"column":32},"end":{"line":25,"column":47}},"7":{"start":{"line":26,"column":16},"end":{"line":26,"column":33}},"8":{"start":{"line":27,"column":16},"end":{"line":27,"column":37}},"9":{"start":{"line":30,"column":16},"end":{"line":30,"column":35}},"10":{"start":{"line":33,"column":8},"end":{"line":33,"column":22}},"11":{"start":{"line":35,"column":4},"end":{"line":39,"column":5}},"12":{"start":{"line":36,"column":8},"end":{"line":38,"column":9}},"13":{"start":{"line":41,"column":30},"end":{"line":46,"column":5}},"14":{"start":{"line":42,"column":8},"end":{"line":44,"column":9}},"15":{"start":{"line":43,"column":12},"end":{"line":43,"column":34}},"16":{"start":{"line":45,"column":8},"end":{"line":45,"column":27}},"17":{"start":{"line":49,"column":29},"end":{"line":54,"column":5}},"18":{"start":{"line":50,"column":8},"end":{"line":52,"column":9}},"19":{"start":{"line":51,"column":12},"end":{"line":51,"column":34}},"20":{"start":{"line":53,"column":8},"end":{"line":53,"column":26}},"21":{"start":{"line":57,"column":28},"end":{"line":61,"column":5}},"22":{"start":{"line":58,"column":8},"end":{"line":60,"column":9}},"23":{"start":{"line":59,"column":12},"end":{"line":59,"column":43}},"24":{"start":{"line":62,"column":29},"end":{"line":66,"column":5}},"25":{"start":{"line":63,"column":8},"end":{"line":65,"column":9}},"26":{"start":{"line":64,"column":12},"end":{"line":64,"column":43}},"27":{"start":{"line":68,"column":4},"end":{"line":122,"column":5}},"28":{"start":{"line":83,"column":37},"end":{"line":83,"column":46}},"29":{"start":{"line":125,"column":15},"end":{"line":125,"column":17}},"30":{"start":{"line":127,"column":15},"end":{"line":143,"column":2}}},"fnMap":{"0":{"name":"Log","decl":{"start":{"line":14,"column":24},"end":{"line":14,"column":27}},"loc":{"start":{"line":14,"column":30},"end":{"line":123,"column":1}},"line":14},"1":{"name":"(anonymous_1)","decl":{"start":{"line":21,"column":14},"end":{"line":21,"column":15}},"loc":{"start":{"line":21,"column":20},"end":{"line":34,"column":5}},"line":21},"2":{"name":"callGetData","decl":{"start":{"line":23,"column":23},"end":{"line":23,"column":34}},"loc":{"start":{"line":23,"column":37},"end":{"line":32,"column":9}},"line":23},"3":{"name":"(anonymous_3)","decl":{"start":{"line":41,"column":30},"end":{"line":41,"column":31}},"loc":{"start":{"line":41,"column":36},"end":{"line":46,"column":5}},"line":41},"4":{"name":"(anonymous_4)","decl":{"start":{"line":49,"column":29},"end":{"line":49,"column":30}},"loc":{"start":{"line":49,"column":35},"end":{"line":54,"column":5}},"line":49},"5":{"name":"(anonymous_5)","decl":{"start":{"line":57,"column":28},"end":{"line":57,"column":29}},"loc":{"start":{"line":57,"column":34},"end":{"line":61,"column":5}},"line":57},"6":{"name":"(anonymous_6)","decl":{"start":{"line":62,"column":29},"end":{"line":62,"column":30}},"loc":{"start":{"line":62,"column":35},"end":{"line":66,"column":5}},"line":62},"7":{"name":"(anonymous_7)","decl":{"start":{"line":83,"column":28},"end":{"line":83,"column":29}},"loc":{"start":{"line":83,"column":37},"end":{"line":83,"column":46}},"line":83}},"branchMap":{"0":{"loc":{"start":{"line":35,"column":4},"end":{"line":39,"column":5}},"type":"if","locations":[{"start":{"line":35,"column":4},"end":{"line":39,"column":5}},{"start":{},"end":{}}],"line":35},"1":{"loc":{"start":{"line":42,"column":8},"end":{"line":44,"column":9}},"type":"if","locations":[{"start":{"line":42,"column":8},"end":{"line":44,"column":9}},{"start":{},"end":{}}],"line":42},"2":{"loc":{"start":{"line":50,"column":8},"end":{"line":52,"column":9}},"type":"if","locations":[{"start":{"line":50,"column":8},"end":{"line":52,"column":9}},{"start":{},"end":{}}],"line":50},"3":{"loc":{"start":{"line":58,"column":8},"end":{"line":60,"column":9}},"type":"if","locations":[{"start":{"line":58,"column":8},"end":{"line":60,"column":9}},{"start":{},"end":{}}],"line":58},"4":{"loc":{"start":{"line":63,"column":8},"end":{"line":65,"column":9}},"type":"if","locations":[{"start":{"line":63,"column":8},"end":{"line":65,"column":9}},{"start":{},"end":{}}],"line":63},"5":{"loc":{"start":{"line":83,"column":17},"end":{"line":88,"column":17}},"type":"cond-expr","locations":[{"start":{"line":84,"column":20},"end":{"line":85,"column":54}},{"start":{"line":87,"column":20},"end":{"line":87,"column":58}}],"line":83}},"s":{"0":0,"1":0,"2":0,"3":0,"4":0,"5":0,"6":0,"7":0,"8":0,"9":0,"10":0,"11":0,"12":0,"13":0,"14":0,"15":0,"16":0,"17":0,"18":0,"19":0,"20":0,"21":0,"22":0,"23":0,"24":0,"25":0,"26":0,"27":0,"28":0,"29":0,"30":0},"f":{"0":0,"1":0,"2":0,"3":0,"4":0,"5":0,"6":0,"7":0},"b":{"0":[0,0],"1":[0,0],"2":[0,0],"3":[0,0],"4":[0,0],"5":[0,0]}}
,"C:\\Users\\jonas\\OneDrive\\Documents\\GitHub\\Carbon\\Carbon\\navigation\\screens\\Main\\IconNames.js": {"path":"C:\\Users\\jonas\\OneDrive\\Documents\\GitHub\\Carbon\\Carbon\\navigation\\screens\\Main\\IconNames.js","statementMap":{"0":{"start":{"line":1,"column":25},"end":{"line":14,"column":1}}},"fnMap":{},"branchMap":{},"s":{"0":0},"f":{},"b":{}}
,"C:\\Users\\jonas\\OneDrive\\Documents\\GitHub\\Carbon\\Carbon\\navigation\\screens\\Main\\MainContainer.js": {"path":"C:\\Users\\jonas\\OneDrive\\Documents\\GitHub\\Carbon\\Carbon\\navigation\\screens\\Main\\MainContainer.js","statementMap":{"0":{"start":{"line":17,"column":14},"end":{"line":17,"column":36}},"1":{"start":{"line":18,"column":12},"end":{"line":18,"column":38}},"2":{"start":{"line":35,"column":18},"end":{"line":69,"column":1}},"3":{"start":{"line":36,"column":4},"end":{"line":68,"column":6}},"4":{"start":{"line":45,"column":24},"end":{"line":52,"column":26}},"5":{"start":{"line":55,"column":24},"end":{"line":62,"column":43}},"6":{"start":{"line":55,"column":57},"end":{"line":55,"column":98}},"7":{"start":{"line":72,"column":22},"end":{"line":101,"column":1}},"8":{"start":{"line":73,"column":4},"end":{"line":100,"column":6}},"9":{"start":{"line":82,"column":24},"end":{"line":94,"column":43}},"10":{"start":{"line":84,"column":32},"end":{"line":84,"column":103}},"11":{"start":{"line":104,"column":19},"end":{"line":123,"column":1}},"12":{"start":{"line":105,"column":4},"end":{"line":122,"column":6}},"13":{"start":{"line":126,"column":21},"end":{"line":140,"column":1}},"14":{"start":{"line":127,"column":4},"end":{"line":139,"column":6}},"15":{"start":{"line":143,"column":4},"end":{"line":183,"column":6}},"16":{"start":{"line":161,"column":32},"end":{"line":161,"column":92}},"17":{"start":{"line":186,"column":22},"end":{"line":209,"column":2}},"18":{"start":{"line":186,"column":38},"end":{"line":209,"column":1}},"19":{"start":{"line":190,"column":8},"end":{"line":205,"column":9}},"20":{"start":{"line":192,"column":12},"end":{"line":192,"column":38}},"21":{"start":{"line":193,"column":12},"end":{"line":193,"column":18}},"22":{"start":{"line":195,"column":12},"end":{"line":195,"column":42}},"23":{"start":{"line":196,"column":12},"end":{"line":196,"column":18}},"24":{"start":{"line":198,"column":12},"end":{"line":198,"column":39}},"25":{"start":{"line":199,"column":12},"end":{"line":199,"column":18}},"26":{"start":{"line":201,"column":12},"end":{"line":201,"column":41}},"27":{"start":{"line":202,"column":12},"end":{"line":202,"column":18}},"28":{"start":{"line":204,"column":12},"end":{"line":204,"column":18}},"29":{"start":{"line":207,"column":8},"end":{"line":207,"column":70}}},"fnMap":{"0":{"name":"(anonymous_0)","decl":{"start":{"line":35,"column":18},"end":{"line":35,"column":19}},"loc":{"start":{"line":35,"column":38},"end":{"line":69,"column":1}},"line":35},"1":{"name":"(anonymous_1)","decl":{"start":{"line":44,"column":33},"end":{"line":44,"column":34}},"loc":{"start":{"line":45,"column":24},"end":{"line":52,"column":26}},"line":45},"2":{"name":"(anonymous_2)","decl":{"start":{"line":54,"column":33},"end":{"line":54,"column":34}},"loc":{"start":{"line":55,"column":24},"end":{"line":62,"column":43}},"line":55},"3":{"name":"(anonymous_3)","decl":{"start":{"line":55,"column":51},"end":{"line":55,"column":52}},"loc":{"start":{"line":55,"column":57},"end":{"line":55,"column":98}},"line":55},"4":{"name":"(anonymous_4)","decl":{"start":{"line":72,"column":22},"end":{"line":72,"column":23}},"loc":{"start":{"line":72,"column":42},"end":{"line":101,"column":1}},"line":72},"5":{"name":"(anonymous_5)","decl":{"start":{"line":81,"column":33},"end":{"line":81,"column":34}},"loc":{"start":{"line":82,"column":24},"end":{"line":94,"column":43}},"line":82},"6":{"name":"(anonymous_6)","decl":{"start":{"line":83,"column":37},"end":{"line":83,"column":38}},"loc":{"start":{"line":84,"column":32},"end":{"line":84,"column":103}},"line":84},"7":{"name":"(anonymous_7)","decl":{"start":{"line":104,"column":19},"end":{"line":104,"column":20}},"loc":{"start":{"line":104,"column":39},"end":{"line":123,"column":1}},"line":104},"8":{"name":"(anonymous_8)","decl":{"start":{"line":126,"column":21},"end":{"line":126,"column":22}},"loc":{"start":{"line":126,"column":41},"end":{"line":140,"column":1}},"line":126},"9":{"name":"MainContainer","decl":{"start":{"line":142,"column":24},"end":{"line":142,"column":37}},"loc":{"start":{"line":142,"column":39},"end":{"line":184,"column":1}},"line":142},"10":{"name":"(anonymous_10)","decl":{"start":{"line":160,"column":40},"end":{"line":160,"column":41}},"loc":{"start":{"line":161,"column":32},"end":{"line":161,"column":92}},"line":161},"11":{"name":"(anonymous_11)","decl":{"start":{"line":186,"column":22},"end":{"line":186,"column":23}},"loc":{"start":{"line":186,"column":38},"end":{"line":209,"column":1}},"line":186},"12":{"name":"(anonymous_12)","decl":{"start":{"line":187,"column":16},"end":{"line":187,"column":17}},"loc":{"start":{"line":187,"column":37},"end":{"line":208,"column":5}},"line":187}},"branchMap":{"0":{"loc":{"start":{"line":190,"column":8},"end":{"line":205,"column":9}},"type":"switch","locations":[{"start":{"line":191,"column":8},"end":{"line":193,"column":18}},{"start":{"line":194,"column":8},"end":{"line":196,"column":18}},{"start":{"line":197,"column":8},"end":{"line":199,"column":18}},{"start":{"line":200,"column":8},"end":{"line":202,"column":18}},{"start":{"line":203,"column":8},"end":{"line":204,"column":18}}],"line":190}},"s":{"0":0,"1":0,"2":0,"3":0,"4":0,"5":0,"6":0,"7":0,"8":0,"9":0,"10":0,"11":0,"12":0,"13":0,"14":0,"15":0,"16":0,"17":0,"18":0,"19":0,"20":0,"21":0,"22":0,"23":0,"24":0,"25":0,"26":0,"27":0,"28":0,"29":0},"f":{"0":0,"1":0,"2":0,"3":0,"4":0,"5":0,"6":0,"7":0,"8":0,"9":0,"10":0,"11":0,"12":0},"b":{"0":[0,0,0,0,0]}}
,"C:\\Users\\jonas\\OneDrive\\Documents\\GitHub\\Carbon\\Carbon\\navigation\\screens\\Main\\ScreenNames.js": {"path":"C:\\Users\\jonas\\OneDrive\\Documents\\GitHub\\Carbon\\Carbon\\navigation\\screens\\Main\\ScreenNames.js","statementMap":{"0":{"start":{"line":1,"column":27},"end":{"line":11,"column":1}}},"fnMap":{},"branchMap":{},"s":{"0":0},"f":{},"b":{}}
,"C:\\Users\\jonas\\OneDrive\\Documents\\GitHub\\Carbon\\Carbon\\navigation\\screens\\Progress\\EmissionModal.js": {"path":"C:\\Users\\jonas\\OneDrive\\Documents\\GitHub\\Carbon\\Carbon\\navigation\\screens\\Progress\\EmissionModal.js","statementMap":{"0":{"start":{"line":5,"column":22},"end":{"line":50,"column":5}},"1":{"start":{"line":6,"column":24},"end":{"line":6,"column":36}},"2":{"start":{"line":7,"column":20},"end":{"line":9,"column":3}},"3":{"start":{"line":8,"column":4},"end":{"line":8,"column":73}},"4":{"start":{"line":10,"column":2},"end":{"line":49,"column":8}},"5":{"start":{"line":18,"column":12},"end":{"line":18,"column":23}},"6":{"start":{"line":19,"column":12},"end":{"line":19,"column":29}},"7":{"start":{"line":26,"column":50},"end":{"line":26,"column":62}},"8":{"start":{"line":29,"column":16},"end":{"line":29,"column":29}},"9":{"start":{"line":30,"column":16},"end":{"line":30,"column":28}},"10":{"start":{"line":31,"column":16},"end":{"line":31,"column":33}},"11":{"start":{"line":39,"column":18},"end":{"line":39,"column":29}},"12":{"start":{"line":40,"column":18},"end":{"line":40,"column":35}},"13":{"start":{"line":54,"column":15},"end":{"line":108,"column":2}}},"fnMap":{"0":{"name":"(anonymous_0)","decl":{"start":{"line":5,"column":22},"end":{"line":5,"column":23}},"loc":{"start":{"line":5,"column":70},"end":{"line":50,"column":5}},"line":5},"1":{"name":"(anonymous_1)","decl":{"start":{"line":7,"column":20},"end":{"line":7,"column":21}},"loc":{"start":{"line":7,"column":26},"end":{"line":9,"column":3}},"line":7},"2":{"name":"(anonymous_2)","decl":{"start":{"line":17,"column":26},"end":{"line":17,"column":27}},"loc":{"start":{"line":17,"column":32},"end":{"line":20,"column":11}},"line":17},"3":{"name":"(anonymous_3)","decl":{"start":{"line":26,"column":42},"end":{"line":26,"column":43}},"loc":{"start":{"line":26,"column":50},"end":{"line":26,"column":62}},"line":26},"4":{"name":"(anonymous_4)","decl":{"start":{"line":28,"column":34},"end":{"line":28,"column":35}},"loc":{"start":{"line":28,"column":40},"end":{"line":32,"column":15}},"line":28},"5":{"name":"(anonymous_5)","decl":{"start":{"line":38,"column":27},"end":{"line":38,"column":28}},"loc":{"start":{"line":38,"column":33},"end":{"line":41,"column":17}},"line":38}},"branchMap":{},"s":{"0":0,"1":0,"2":0,"3":0,"4":0,"5":0,"6":0,"7":0,"8":0,"9":0,"10":0,"11":0,"12":0,"13":0},"f":{"0":0,"1":0,"2":0,"3":0,"4":0,"5":0},"b":{}}
,"C:\\Users\\jonas\\OneDrive\\Documents\\GitHub\\Carbon\\Carbon\\navigation\\screens\\Progress\\ProgressScreen.js": {"path":"C:\\Users\\jonas\\OneDrive\\Documents\\GitHub\\Carbon\\Carbon\\navigation\\screens\\Progress\\ProgressScreen.js","statementMap":{"0":{"start":{"line":6,"column":4},"end":{"line":27,"column":5}},"1":{"start":{"line":16,"column":20},"end":{"line":16,"column":47}}},"fnMap":{"0":{"name":"ProgressScreen","decl":{"start":{"line":5,"column":24},"end":{"line":5,"column":38}},"loc":{"start":{"line":5,"column":53},"end":{"line":28,"column":1}},"line":5},"1":{"name":"(anonymous_1)","decl":{"start":{"line":15,"column":25},"end":{"line":15,"column":26}},"loc":{"start":{"line":16,"column":20},"end":{"line":16,"column":47}},"line":16}},"branchMap":{},"s":{"0":0,"1":0},"f":{"0":0,"1":0},"b":{}}
,"C:\\Users\\jonas\\OneDrive\\Documents\\GitHub\\Carbon\\Carbon\\navigation\\screens\\Progress\\RecordEmission.js": {"path":"C:\\Users\\jonas\\OneDrive\\Documents\\GitHub\\Carbon\\Carbon\\navigation\\screens\\Progress\\RecordEmission.js","statementMap":{"0":{"start":{"line":6,"column":23},"end":{"line":100,"column":1}},"1":{"start":{"line":7,"column":42},"end":{"line":7,"column":57}},"2":{"start":{"line":8,"column":40},"end":{"line":8,"column":55}},"3":{"start":{"line":9,"column":60},"end":{"line":9,"column":75}},"4":{"start":{"line":10,"column":50},"end":{"line":10,"column":65}},"5":{"start":{"line":15,"column":22},"end":{"line":17,"column":3}},"6":{"start":{"line":16,"column":4},"end":{"line":16,"column":38}},"7":{"start":{"line":18,"column":32},"end":{"line":20,"column":3}},"8":{"start":{"line":19,"column":4},"end":{"line":19,"column":48}},"9":{"start":{"line":22,"column":27},"end":{"line":24,"column":3}},"10":{"start":{"line":23,"column":4},"end":{"line":23,"column":43}},"11":{"start":{"line":25,"column":2},"end":{"line":99,"column":3}},"12":{"start":{"line":34,"column":10},"end":{"line":34,"column":41}},"13":{"start":{"line":40,"column":16},"end":{"line":40,"column":46}},"14":{"start":{"line":41,"column":16},"end":{"line":41,"column":36}},"15":{"start":{"line":47,"column":16},"end":{"line":47,"column":46}},"16":{"start":{"line":48,"column":16},"end":{"line":48,"column":46}},"17":{"start":{"line":54,"column":16},"end":{"line":54,"column":46}},"18":{"start":{"line":55,"column":16},"end":{"line":55,"column":41}},"19":{"start":{"line":61,"column":29},"end":{"line":61,"column":59}},"20":{"start":{"line":71,"column":22},"end":{"line":71,"column":50}},"21":{"start":{"line":72,"column":22},"end":{"line":72,"column":52}},"22":{"start":{"line":75,"column":39},"end":{"line":75,"column":55}},"23":{"start":{"line":79,"column":22},"end":{"line":79,"column":70}},"24":{"start":{"line":80,"column":22},"end":{"line":80,"column":52}},"25":{"start":{"line":83,"column":39},"end":{"line":83,"column":65}},"26":{"start":{"line":87,"column":22},"end":{"line":87,"column":60}},"27":{"start":{"line":88,"column":22},"end":{"line":88,"column":52}},"28":{"start":{"line":91,"column":39},"end":{"line":91,"column":60}},"29":{"start":{"line":94,"column":56},"end":{"line":94,"column":77}},"30":{"start":{"line":104,"column":15},"end":{"line":147,"column":2}}},"fnMap":{"0":{"name":"(anonymous_0)","decl":{"start":{"line":6,"column":23},"end":{"line":6,"column":24}},"loc":{"start":{"line":6,"column":29},"end":{"line":100,"column":1}},"line":6},"1":{"name":"(anonymous_1)","decl":{"start":{"line":15,"column":22},"end":{"line":15,"column":23}},"loc":{"start":{"line":15,"column":31},"end":{"line":17,"column":3}},"line":15},"2":{"name":"(anonymous_2)","decl":{"start":{"line":18,"column":32},"end":{"line":18,"column":33}},"loc":{"start":{"line":18,"column":41},"end":{"line":20,"column":3}},"line":18},"3":{"name":"(anonymous_3)","decl":{"start":{"line":22,"column":27},"end":{"line":22,"column":28}},"loc":{"start":{"line":22,"column":36},"end":{"line":24,"column":3}},"line":22},"4":{"name":"(anonymous_4)","decl":{"start":{"line":33,"column":24},"end":{"line":33,"column":25}},"loc":{"start":{"line":33,"column":30},"end":{"line":35,"column":9}},"line":33},"5":{"name":"(anonymous_5)","decl":{"start":{"line":39,"column":32},"end":{"line":39,"column":33}},"loc":{"start":{"line":39,"column":38},"end":{"line":41,"column":37}},"line":39},"6":{"name":"(anonymous_6)","decl":{"start":{"line":46,"column":32},"end":{"line":46,"column":33}},"loc":{"start":{"line":46,"column":38},"end":{"line":49,"column":13}},"line":46},"7":{"name":"(anonymous_7)","decl":{"start":{"line":53,"column":32},"end":{"line":53,"column":33}},"loc":{"start":{"line":53,"column":38},"end":{"line":55,"column":42}},"line":53},"8":{"name":"(anonymous_8)","decl":{"start":{"line":61,"column":23},"end":{"line":61,"column":24}},"loc":{"start":{"line":61,"column":29},"end":{"line":61,"column":59}},"line":61},"9":{"name":"(anonymous_9)","decl":{"start":{"line":70,"column":37},"end":{"line":70,"column":38}},"loc":{"start":{"line":70,"column":46},"end":{"line":73,"column":21}},"line":70},"10":{"name":"(anonymous_10)","decl":{"start":{"line":75,"column":30},"end":{"line":75,"column":31}},"loc":{"start":{"line":75,"column":39},"end":{"line":75,"column":55}},"line":75},"11":{"name":"(anonymous_11)","decl":{"start":{"line":78,"column":37},"end":{"line":78,"column":38}},"loc":{"start":{"line":78,"column":43},"end":{"line":81,"column":21}},"line":78},"12":{"name":"(anonymous_12)","decl":{"start":{"line":83,"column":30},"end":{"line":83,"column":31}},"loc":{"start":{"line":83,"column":39},"end":{"line":83,"column":65}},"line":83},"13":{"name":"(anonymous_13)","decl":{"start":{"line":86,"column":37},"end":{"line":86,"column":38}},"loc":{"start":{"line":86,"column":43},"end":{"line":89,"column":21}},"line":86},"14":{"name":"(anonymous_14)","decl":{"start":{"line":91,"column":30},"end":{"line":91,"column":31}},"loc":{"start":{"line":91,"column":39},"end":{"line":91,"column":60}},"line":91},"15":{"name":"(anonymous_15)","decl":{"start":{"line":94,"column":50},"end":{"line":94,"column":51}},"loc":{"start":{"line":94,"column":56},"end":{"line":94,"column":77}},"line":94}},"branchMap":{},"s":{"0":0,"1":0,"2":0,"3":0,"4":0,"5":0,"6":0,"7":0,"8":0,"9":0,"10":0,"11":0,"12":0,"13":0,"14":0,"15":0,"16":0,"17":0,"18":0,"19":0,"20":0,"21":0,"22":0,"23":0,"24":0,"25":0,"26":0,"27":0,"28":0,"29":0,"30":0},"f":{"0":0,"1":0,"2":0,"3":0,"4":0,"5":0,"6":0,"7":0,"8":0,"9":0,"10":0,"11":0,"12":0,"13":0,"14":0,"15":0},"b":{}}
,"C:\\Users\\jonas\\OneDrive\\Documents\\GitHub\\Carbon\\Carbon\\navigation\\screens\\Quiz\\QuizScreen.js": {"path":"C:\\Users\\jonas\\OneDrive\\Documents\\GitHub\\Carbon\\Carbon\\navigation\\screens\\Quiz\\QuizScreen.js","statementMap":{"0":{"start":{"line":7,"column":15},"end":{"line":7,"column":49}},"1":{"start":{"line":9,"column":19},"end":{"line":91,"column":1}},"2":{"start":{"line":11,"column":35},"end":{"line":11,"column":49}},"3":{"start":{"line":12,"column":27},"end":{"line":12,"column":39}},"4":{"start":{"line":13,"column":35},"end":{"line":13,"column":47}},"5":{"start":{"line":17,"column":22},"end":{"line":29,"column":5}},"6":{"start":{"line":18,"column":8},"end":{"line":18,"column":53}},"7":{"start":{"line":19,"column":8},"end":{"line":28,"column":9}},"8":{"start":{"line":20,"column":25},"end":{"line":20,"column":44}},"9":{"start":{"line":21,"column":29},"end":{"line":21,"column":50}},"10":{"start":{"line":22,"column":8},"end":{"line":22,"column":35}},"11":{"start":{"line":23,"column":8},"end":{"line":23,"column":26}},"12":{"start":{"line":27,"column":12},"end":{"line":27,"column":221}},"13":{"start":{"line":31,"column":4},"end":{"line":33,"column":11}},"14":{"start":{"line":32,"column":8},"end":{"line":32,"column":20}},"15":{"start":{"line":36,"column":30},"end":{"line":36,"column":41}},"16":{"start":{"line":37,"column":50},"end":{"line":37,"column":61}},"17":{"start":{"line":38,"column":46},"end":{"line":38,"column":61}},"18":{"start":{"line":41,"column":26},"end":{"line":52,"column":5}},"19":{"start":{"line":42,"column":8},"end":{"line":44,"column":9}},"20":{"start":{"line":43,"column":12},"end":{"line":43,"column":30}},"21":{"start":{"line":46,"column":8},"end":{"line":51,"column":9}},"22":{"start":{"line":47,"column":12},"end":{"line":47,"column":52}},"23":{"start":{"line":50,"column":12},"end":{"line":50,"column":34}},"24":{"start":{"line":55,"column":4},"end":{"line":89,"column":5}},"25":{"start":{"line":77,"column":28},"end":{"line":80,"column":47}},"26":{"start":{"line":78,"column":43},"end":{"line":78,"column":74}}},"fnMap":{"0":{"name":"(anonymous_0)","decl":{"start":{"line":9,"column":19},"end":{"line":9,"column":20}},"loc":{"start":{"line":9,"column":25},"end":{"line":91,"column":1}},"line":9},"1":{"name":"(anonymous_1)","decl":{"start":{"line":17,"column":22},"end":{"line":17,"column":23}},"loc":{"start":{"line":17,"column":33},"end":{"line":29,"column":5}},"line":17},"2":{"name":"(anonymous_2)","decl":{"start":{"line":31,"column":14},"end":{"line":31,"column":15}},"loc":{"start":{"line":31,"column":20},"end":{"line":33,"column":5}},"line":31},"3":{"name":"(anonymous_3)","decl":{"start":{"line":41,"column":26},"end":{"line":41,"column":27}},"loc":{"start":{"line":41,"column":41},"end":{"line":52,"column":5}},"line":41},"4":{"name":"(anonymous_4)","decl":{"start":{"line":76,"column":69},"end":{"line":76,"column":70}},"loc":{"start":{"line":77,"column":28},"end":{"line":80,"column":47}},"line":77},"5":{"name":"(anonymous_5)","decl":{"start":{"line":78,"column":37},"end":{"line":78,"column":38}},"loc":{"start":{"line":78,"column":43},"end":{"line":78,"column":74}},"line":78}},"branchMap":{"0":{"loc":{"start":{"line":42,"column":8},"end":{"line":44,"column":9}},"type":"if","locations":[{"start":{"line":42,"column":8},"end":{"line":44,"column":9}},{"start":{},"end":{}}],"line":42},"1":{"loc":{"start":{"line":46,"column":8},"end":{"line":51,"column":9}},"type":"if","locations":[{"start":{"line":46,"column":8},"end":{"line":51,"column":9}},{"start":{"line":49,"column":12},"end":{"line":51,"column":9}}],"line":46},"2":{"loc":{"start":{"line":58,"column":17},"end":{"line":86,"column":17}},"type":"cond-expr","locations":[{"start":{"line":59,"column":16},"end":{"line":61,"column":23}},{"start":{"line":63,"column":16},"end":{"line":85,"column":23}}],"line":58},"3":{"loc":{"start":{"line":66,"column":21},"end":{"line":84,"column":21}},"type":"cond-expr","locations":[{"start":{"line":67,"column":24},"end":{"line":70,"column":31}},{"start":{"line":72,"column":24},"end":{"line":83,"column":31}}],"line":66}},"s":{"0":0,"1":0,"2":0,"3":0,"4":0,"5":0,"6":0,"7":0,"8":0,"9":0,"10":0,"11":0,"12":0,"13":0,"14":0,"15":0,"16":0,"17":0,"18":0,"19":0,"20":0,"21":0,"22":0,"23":0,"24":0,"25":0,"26":0},"f":{"0":0,"1":0,"2":0,"3":0,"4":0,"5":0},"b":{"0":[0,0],"1":[0,0],"2":[0,0],"3":[0,0]}}
,"C:\\Users\\jonas\\OneDrive\\Documents\\GitHub\\Carbon\\Carbon\\navigation\\screens\\Ranking\\RankingScreen.js": {"path":"C:\\Users\\jonas\\OneDrive\\Documents\\GitHub\\Carbon\\Carbon\\navigation\\screens\\Ranking\\RankingScreen.js","statementMap":{"0":{"start":{"line":6,"column":18},"end":{"line":6,"column":20}},"1":{"start":{"line":7,"column":18},"end":{"line":7,"column":20}},"2":{"start":{"line":11,"column":27},"end":{"line":11,"column":65}},"3":{"start":{"line":12,"column":34},"end":{"line":12,"column":79}},"4":{"start":{"line":15,"column":12},"end":{"line":15,"column":15}},"5":{"start":{"line":16,"column":17},"end":{"line":16,"column":26}},"6":{"start":{"line":23,"column":28},"end":{"line":23,"column":42}},"7":{"start":{"line":24,"column":59},"end":{"line":24,"column":73}},"8":{"start":{"line":25,"column":44},"end":{"line":25,"column":58}},"9":{"start":{"line":26,"column":46},"end":{"line":26,"column":57}},"10":{"start":{"line":27,"column":34},"end":{"line":27,"column":49}},"11":{"start":{"line":32,"column":45},"end":{"line":32,"column":57}},"12":{"start":{"line":33,"column":65},"end":{"line":33,"column":76}},"13":{"start":{"line":36,"column":55},"end":{"line":36,"column":67}},"14":{"start":{"line":37,"column":48},"end":{"line":37,"column":62}},"15":{"start":{"line":38,"column":61},"end":{"line":38,"column":76}},"16":{"start":{"line":45,"column":26},"end":{"line":81,"column":5}},"17":{"start":{"line":46,"column":6},"end":{"line":46,"column":23}},"18":{"start":{"line":47,"column":6},"end":{"line":47,"column":61}},"19":{"start":{"line":50,"column":6},"end":{"line":79,"column":7}},"20":{"start":{"line":51,"column":25},"end":{"line":51,"column":60}},"21":{"start":{"line":54,"column":8},"end":{"line":71,"column":9}},"22":{"start":{"line":55,"column":35},"end":{"line":55,"column":56}},"23":{"start":{"line":57,"column":10},"end":{"line":57,"column":44}},"24":{"start":{"line":58,"column":10},"end":{"line":58,"column":72}},"25":{"start":{"line":59,"column":10},"end":{"line":59,"column":32}},"26":{"start":{"line":60,"column":10},"end":{"line":60,"column":124}},"27":{"start":{"line":61,"column":10},"end":{"line":61,"column":40}},"28":{"start":{"line":63,"column":10},"end":{"line":63,"column":77}},"29":{"start":{"line":66,"column":13},"end":{"line":71,"column":9}},"30":{"start":{"line":67,"column":10},"end":{"line":67,"column":24}},"31":{"start":{"line":68,"column":10},"end":{"line":68,"column":39}},"32":{"start":{"line":69,"column":10},"end":{"line":69,"column":80}},"33":{"start":{"line":70,"column":10},"end":{"line":70,"column":82}},"34":{"start":{"line":75,"column":8},"end":{"line":75,"column":22}},"35":{"start":{"line":76,"column":8},"end":{"line":76,"column":37}},"36":{"start":{"line":77,"column":8},"end":{"line":77,"column":49}},"37":{"start":{"line":78,"column":8},"end":{"line":78,"column":83}},"38":{"start":{"line":80,"column":6},"end":{"line":80,"column":24}},"39":{"start":{"line":86,"column":38},"end":{"line":114,"column":5}},"40":{"start":{"line":87,"column":6},"end":{"line":87,"column":23}},"41":{"start":{"line":88,"column":6},"end":{"line":112,"column":7}},"42":{"start":{"line":89,"column":25},"end":{"line":89,"column":100}},"43":{"start":{"line":92,"column":8},"end":{"line":107,"column":9}},"44":{"start":{"line":93,"column":35},"end":{"line":93,"column":56}},"45":{"start":{"line":94,"column":10},"end":{"line":94,"column":64}},"46":{"start":{"line":95,"column":10},"end":{"line":95,"column":61}},"47":{"start":{"line":96,"column":10},"end":{"line":96,"column":32}},"48":{"start":{"line":99,"column":13},"end":{"line":107,"column":9}},"49":{"start":{"line":100,"column":10},"end":{"line":100,"column":41}},"50":{"start":{"line":103,"column":13},"end":{"line":107,"column":9}},"51":{"start":{"line":104,"column":10},"end":{"line":104,"column":65}},"52":{"start":{"line":105,"column":10},"end":{"line":105,"column":60}},"53":{"start":{"line":106,"column":10},"end":{"line":106,"column":51}},"54":{"start":{"line":110,"column":10},"end":{"line":110,"column":61}},"55":{"start":{"line":111,"column":10},"end":{"line":111,"column":51}},"56":{"start":{"line":113,"column":6},"end":{"line":113,"column":24}},"57":{"start":{"line":118,"column":46},"end":{"line":171,"column":5}},"58":{"start":{"line":120,"column":6},"end":{"line":120,"column":41}},"59":{"start":{"line":120,"column":34},"end":{"line":120,"column":41}},"60":{"start":{"line":123,"column":30},"end":{"line":123,"column":83}},"61":{"start":{"line":126,"column":6},"end":{"line":129,"column":7}},"62":{"start":{"line":127,"column":8},"end":{"line":127,"column":58}},"63":{"start":{"line":128,"column":8},"end":{"line":128,"column":15}},"64":{"start":{"line":130,"column":6},"end":{"line":130,"column":107}},"65":{"start":{"line":133,"column":6},"end":{"line":133,"column":51}},"66":{"start":{"line":133,"column":34},"end":{"line":133,"column":51}},"67":{"start":{"line":136,"column":6},"end":{"line":169,"column":7}},"68":{"start":{"line":137,"column":24},"end":{"line":137,"column":91}},"69":{"start":{"line":140,"column":7},"end":{"line":159,"column":8}},"70":{"start":{"line":143,"column":8},"end":{"line":149,"column":9}},"71":{"start":{"line":144,"column":10},"end":{"line":144,"column":69}},"72":{"start":{"line":148,"column":10},"end":{"line":148,"column":143}},"73":{"start":{"line":152,"column":33},"end":{"line":152,"column":54}},"74":{"start":{"line":153,"column":8},"end":{"line":156,"column":74}},"75":{"start":{"line":154,"column":10},"end":{"line":154,"column":74}},"76":{"start":{"line":156,"column":10},"end":{"line":156,"column":74}},"77":{"start":{"line":158,"column":8},"end":{"line":158,"column":30}},"78":{"start":{"line":161,"column":7},"end":{"line":164,"column":8}},"79":{"start":{"line":162,"column":8},"end":{"line":162,"column":30}},"80":{"start":{"line":163,"column":8},"end":{"line":163,"column":39}},"81":{"start":{"line":168,"column":8},"end":{"line":168,"column":49}},"82":{"start":{"line":170,"column":6},"end":{"line":170,"column":24}},"83":{"start":{"line":180,"column":32},"end":{"line":195,"column":5}},"84":{"start":{"line":181,"column":6},"end":{"line":194,"column":7}},"85":{"start":{"line":183,"column":10},"end":{"line":183,"column":30}},"86":{"start":{"line":184,"column":10},"end":{"line":184,"column":83}},"87":{"start":{"line":184,"column":42},"end":{"line":184,"column":83}},"88":{"start":{"line":185,"column":10},"end":{"line":185,"column":16}},"89":{"start":{"line":187,"column":10},"end":{"line":187,"column":30}},"90":{"start":{"line":188,"column":10},"end":{"line":188,"column":68}},"91":{"start":{"line":188,"column":40},"end":{"line":188,"column":68}},"92":{"start":{"line":189,"column":10},"end":{"line":189,"column":16}},"93":{"start":{"line":192,"column":10},"end":{"line":192,"column":30}},"94":{"start":{"line":193,"column":10},"end":{"line":193,"column":16}},"95":{"start":{"line":199,"column":26},"end":{"line":205,"column":5}},"96":{"start":{"line":201,"column":6},"end":{"line":204,"column":46}},"97":{"start":{"line":202,"column":8},"end":{"line":202,"column":24}},"98":{"start":{"line":204,"column":11},"end":{"line":204,"column":46}},"99":{"start":{"line":208,"column":4},"end":{"line":208,"column":44}},"100":{"start":{"line":208,"column":22},"end":{"line":208,"column":37}},"101":{"start":{"line":209,"column":4},"end":{"line":209,"column":88}},"102":{"start":{"line":209,"column":22},"end":{"line":209,"column":62}},"103":{"start":{"line":213,"column":4},"end":{"line":350,"column":6}},"104":{"start":{"line":225,"column":38},"end":{"line":225,"column":60}},"105":{"start":{"line":231,"column":36},"end":{"line":231,"column":58}},"106":{"start":{"line":238,"column":36},"end":{"line":238,"column":58}},"107":{"start":{"line":282,"column":38},"end":{"line":282,"column":77}},"108":{"start":{"line":284,"column":39},"end":{"line":284,"column":79}},"109":{"start":{"line":297,"column":40},"end":{"line":297,"column":67}},"110":{"start":{"line":299,"column":41},"end":{"line":299,"column":68}},"111":{"start":{"line":339,"column":31},"end":{"line":339,"column":46}},"112":{"start":{"line":359,"column":20},"end":{"line":359,"column":25}},"113":{"start":{"line":360,"column":2},"end":{"line":360,"column":52}},"114":{"start":{"line":360,"column":33},"end":{"line":360,"column":52}},"115":{"start":{"line":361,"column":2},"end":{"line":368,"column":4}},"116":{"start":{"line":374,"column":15},"end":{"line":388,"column":1}},"117":{"start":{"line":392,"column":15},"end":{"line":483,"column":2}}},"fnMap":{"0":{"name":"RankingScreen","decl":{"start":{"line":18,"column":24},"end":{"line":18,"column":37}},"loc":{"start":{"line":18,"column":51},"end":{"line":351,"column":1}},"line":18},"1":{"name":"(anonymous_1)","decl":{"start":{"line":45,"column":26},"end":{"line":45,"column":27}},"loc":{"start":{"line":45,"column":38},"end":{"line":81,"column":5}},"line":45},"2":{"name":"(anonymous_2)","decl":{"start":{"line":86,"column":38},"end":{"line":86,"column":39}},"loc":{"start":{"line":86,"column":50},"end":{"line":114,"column":5}},"line":86},"3":{"name":"(anonymous_3)","decl":{"start":{"line":118,"column":46},"end":{"line":118,"column":47}},"loc":{"start":{"line":118,"column":70},"end":{"line":171,"column":5}},"line":118},"4":{"name":"(anonymous_4)","decl":{"start":{"line":180,"column":32},"end":{"line":180,"column":33}},"loc":{"start":{"line":180,"column":46},"end":{"line":195,"column":5}},"line":180},"5":{"name":"(anonymous_5)","decl":{"start":{"line":199,"column":26},"end":{"line":199,"column":27}},"loc":{"start":{"line":199,"column":38},"end":{"line":205,"column":5}},"line":199},"6":{"name":"(anonymous_6)","decl":{"start":{"line":208,"column":15},"end":{"line":208,"column":16}},"loc":{"start":{"line":208,"column":21},"end":{"line":208,"column":38}},"line":208},"7":{"name":"(anonymous_7)","decl":{"start":{"line":209,"column":15},"end":{"line":209,"column":16}},"loc":{"start":{"line":209,"column":21},"end":{"line":209,"column":63}},"line":209},"8":{"name":"(anonymous_8)","decl":{"start":{"line":225,"column":31},"end":{"line":225,"column":32}},"loc":{"start":{"line":225,"column":37},"end":{"line":225,"column":61}},"line":225},"9":{"name":"(anonymous_9)","decl":{"start":{"line":231,"column":29},"end":{"line":231,"column":30}},"loc":{"start":{"line":231,"column":35},"end":{"line":231,"column":59}},"line":231},"10":{"name":"(anonymous_10)","decl":{"start":{"line":238,"column":29},"end":{"line":238,"column":30}},"loc":{"start":{"line":238,"column":35},"end":{"line":238,"column":59}},"line":238},"11":{"name":"(anonymous_11)","decl":{"start":{"line":282,"column":31},"end":{"line":282,"column":32}},"loc":{"start":{"line":282,"column":37},"end":{"line":282,"column":78}},"line":282},"12":{"name":"(anonymous_12)","decl":{"start":{"line":284,"column":32},"end":{"line":284,"column":33}},"loc":{"start":{"line":284,"column":38},"end":{"line":284,"column":80}},"line":284},"13":{"name":"(anonymous_13)","decl":{"start":{"line":297,"column":33},"end":{"line":297,"column":34}},"loc":{"start":{"line":297,"column":39},"end":{"line":297,"column":68}},"line":297},"14":{"name":"(anonymous_14)","decl":{"start":{"line":299,"column":34},"end":{"line":299,"column":35}},"loc":{"start":{"line":299,"column":40},"end":{"line":299,"column":69}},"line":299},"15":{"name":"(anonymous_15)","decl":{"start":{"line":339,"column":25},"end":{"line":339,"column":26}},"loc":{"start":{"line":339,"column":31},"end":{"line":339,"column":46}},"line":339},"16":{"name":"renderListEntry","decl":{"start":{"line":357,"column":9},"end":{"line":357,"column":24}},"loc":{"start":{"line":357,"column":35},"end":{"line":369,"column":1}},"line":357}},"branchMap":{"0":{"loc":{"start":{"line":54,"column":8},"end":{"line":71,"column":9}},"type":"if","locations":[{"start":{"line":54,"column":8},"end":{"line":71,"column":9}},{"start":{"line":66,"column":13},"end":{"line":71,"column":9}}],"line":54},"1":{"loc":{"start":{"line":66,"column":13},"end":{"line":71,"column":9}},"type":"if","locations":[{"start":{"line":66,"column":13},"end":{"line":71,"column":9}},{"start":{},"end":{}}],"line":66},"2":{"loc":{"start":{"line":92,"column":8},"end":{"line":107,"column":9}},"type":"if","locations":[{"start":{"line":92,"column":8},"end":{"line":107,"column":9}},{"start":{"line":99,"column":13},"end":{"line":107,"column":9}}],"line":92},"3":{"loc":{"start":{"line":99,"column":13},"end":{"line":107,"column":9}},"type":"if","locations":[{"start":{"line":99,"column":13},"end":{"line":107,"column":9}},{"start":{"line":103,"column":13},"end":{"line":107,"column":9}}],"line":99},"4":{"loc":{"start":{"line":103,"column":13},"end":{"line":107,"column":9}},"type":"if","locations":[{"start":{"line":103,"column":13},"end":{"line":107,"column":9}},{"start":{},"end":{}}],"line":103},"5":{"loc":{"start":{"line":120,"column":6},"end":{"line":120,"column":41}},"type":"if","locations":[{"start":{"line":120,"column":6},"end":{"line":120,"column":41}},{"start":{},"end":{}}],"line":120},"6":{"loc":{"start":{"line":123,"column":30},"end":{"line":123,"column":83}},"type":"cond-expr","locations":[{"start":{"line":123,"column":46},"end":{"line":123,"column":63}},{"start":{"line":123,"column":66},"end":{"line":123,"column":83}}],"line":123},"7":{"loc":{"start":{"line":126,"column":6},"end":{"line":129,"column":7}},"type":"if","locations":[{"start":{"line":126,"column":6},"end":{"line":129,"column":7}},{"start":{},"end":{}}],"line":126},"8":{"loc":{"start":{"line":126,"column":9},"end":{"line":126,"column":54}},"type":"binary-expr","locations":[{"start":{"line":126,"column":9},"end":{"line":126,"column":30}},{"start":{"line":126,"column":34},"end":{"line":126,"column":54}}],"line":126},"9":{"loc":{"start":{"line":133,"column":6},"end":{"line":133,"column":51}},"type":"if","locations":[{"start":{"line":133,"column":6},"end":{"line":133,"column":51}},{"start":{},"end":{}}],"line":133},"10":{"loc":{"start":{"line":140,"column":7},"end":{"line":159,"column":8}},"type":"if","locations":[{"start":{"line":140,"column":7},"end":{"line":159,"column":8}},{"start":{},"end":{}}],"line":140},"11":{"loc":{"start":{"line":143,"column":8},"end":{"line":149,"column":9}},"type":"if","locations":[{"start":{"line":143,"column":8},"end":{"line":149,"column":9}},{"start":{"line":147,"column":12},"end":{"line":149,"column":9}}],"line":143},"12":{"loc":{"start":{"line":148,"column":10},"end":{"line":148,"column":142}},"type":"cond-expr","locations":[{"start":{"line":148,"column":25},"end":{"line":148,"column":82}},{"start":{"line":148,"column":85},"end":{"line":148,"column":142}}],"line":148},"13":{"loc":{"start":{"line":153,"column":8},"end":{"line":156,"column":74}},"type":"if","locations":[{"start":{"line":153,"column":8},"end":{"line":156,"column":74}},{"start":{"line":156,"column":10},"end":{"line":156,"column":74}}],"line":153},"14":{"loc":{"start":{"line":161,"column":7},"end":{"line":164,"column":8}},"type":"if","locations":[{"start":{"line":161,"column":7},"end":{"line":164,"column":8}},{"start":{},"end":{}}],"line":161},"15":{"loc":{"start":{"line":181,"column":6},"end":{"line":194,"column":7}},"type":"switch","locations":[{"start":{"line":182,"column":8},"end":{"line":185,"column":16}},{"start":{"line":186,"column":8},"end":{"line":189,"column":16}},{"start":{"line":190,"column":8},"end":{"line":193,"column":16}}],"line":181},"16":{"loc":{"start":{"line":184,"column":10},"end":{"line":184,"column":83}},"type":"if","locations":[{"start":{"line":184,"column":10},"end":{"line":184,"column":83}},{"start":{},"end":{}}],"line":184},"17":{"loc":{"start":{"line":188,"column":10},"end":{"line":188,"column":68}},"type":"if","locations":[{"start":{"line":188,"column":10},"end":{"line":188,"column":68}},{"start":{},"end":{}}],"line":188},"18":{"loc":{"start":{"line":201,"column":6},"end":{"line":204,"column":46}},"type":"if","locations":[{"start":{"line":201,"column":6},"end":{"line":204,"column":46}},{"start":{"line":204,"column":11},"end":{"line":204,"column":46}}],"line":201},"19":{"loc":{"start":{"line":216,"column":9},"end":{"line":312,"column":17}},"type":"binary-expr","locations":[{"start":{"line":216,"column":9},"end":{"line":216,"column":22}},{"start":{"line":217,"column":10},"end":{"line":312,"column":17}}],"line":216},"20":{"loc":{"start":{"line":224,"column":59},"end":{"line":224,"column":102}},"type":"binary-expr","locations":[{"start":{"line":224,"column":59},"end":{"line":224,"column":78}},{"start":{"line":224,"column":82},"end":{"line":224,"column":102}}],"line":224},"21":{"loc":{"start":{"line":227,"column":53},"end":{"line":227,"column":100}},"type":"binary-expr","locations":[{"start":{"line":227,"column":53},"end":{"line":227,"column":72}},{"start":{"line":227,"column":76},"end":{"line":227,"column":100}}],"line":227},"22":{"loc":{"start":{"line":230,"column":59},"end":{"line":230,"column":102}},"type":"binary-expr","locations":[{"start":{"line":230,"column":59},"end":{"line":230,"column":78}},{"start":{"line":230,"column":82},"end":{"line":230,"column":102}}],"line":230},"23":{"loc":{"start":{"line":233,"column":53},"end":{"line":233,"column":100}},"type":"binary-expr","locations":[{"start":{"line":233,"column":53},"end":{"line":233,"column":72}},{"start":{"line":233,"column":76},"end":{"line":233,"column":100}}],"line":233},"24":{"loc":{"start":{"line":237,"column":59},"end":{"line":237,"column":102}},"type":"binary-expr","locations":[{"start":{"line":237,"column":59},"end":{"line":237,"column":78}},{"start":{"line":237,"column":82},"end":{"line":237,"column":102}}],"line":237},"25":{"loc":{"start":{"line":240,"column":53},"end":{"line":240,"column":100}},"type":"binary-expr","locations":[{"start":{"line":240,"column":53},"end":{"line":240,"column":72}},{"start":{"line":240,"column":76},"end":{"line":240,"column":100}}],"line":240},"26":{"loc":{"start":{"line":246,"column":16},"end":{"line":258,"column":21}},"type":"binary-expr","locations":[{"start":{"line":246,"column":16},"end":{"line":246,"column":35}},{"start":{"line":247,"column":16},"end":{"line":258,"column":21}}],"line":246},"27":{"loc":{"start":{"line":266,"column":15},"end":{"line":269,"column":23}},"type":"binary-expr","locations":[{"start":{"line":266,"column":15},"end":{"line":266,"column":34}},{"start":{"line":267,"column":16},"end":{"line":269,"column":23}}],"line":266},"28":{"loc":{"start":{"line":278,"column":15},"end":{"line":289,"column":28}},"type":"binary-expr","locations":[{"start":{"line":278,"column":15},"end":{"line":278,"column":34}},{"start":{"line":279,"column":16},"end":{"line":289,"column":28}}],"line":278},"29":{"loc":{"start":{"line":293,"column":15},"end":{"line":304,"column":30}},"type":"binary-expr","locations":[{"start":{"line":293,"column":15},"end":{"line":293,"column":34}},{"start":{"line":294,"column":16},"end":{"line":304,"column":30}}],"line":293},"30":{"loc":{"start":{"line":308,"column":15},"end":{"line":308,"column":51}},"type":"binary-expr","locations":[{"start":{"line":308,"column":15},"end":{"line":308,"column":34}},{"start":{"line":308,"column":38},"end":{"line":308,"column":51}}],"line":308},"31":{"loc":{"start":{"line":317,"column":9},"end":{"line":318,"column":111}},"type":"binary-expr","locations":[{"start":{"line":317,"column":9},"end":{"line":317,"column":16}},{"start":{"line":318,"column":10},"end":{"line":318,"column":111}}],"line":317},"32":{"loc":{"start":{"line":322,"column":9},"end":{"line":347,"column":9}},"type":"binary-expr","locations":[{"start":{"line":322,"column":9},"end":{"line":322,"column":21}},{"start":{"line":323,"column":10},"end":{"line":346,"column":23}}],"line":322},"33":{"loc":{"start":{"line":360,"column":2},"end":{"line":360,"column":52}},"type":"if","locations":[{"start":{"line":360,"column":2},"end":{"line":360,"column":52}},{"start":{},"end":{}}],"line":360},"34":{"loc":{"start":{"line":362,"column":47},"end":{"line":362,"column":91}},"type":"binary-expr","locations":[{"start":{"line":362,"column":47},"end":{"line":362,"column":58}},{"start":{"line":362,"column":62},"end":{"line":362,"column":91}}],"line":362}},"s":{"0":0,"1":0,"2":0,"3":0,"4":0,"5":0,"6":0,"7":0,"8":0,"9":0,"10":0,"11":0,"12":0,"13":0,"14":0,"15":0,"16":0,"17":0,"18":0,"19":0,"20":0,"21":0,"22":0,"23":0,"24":0,"25":0,"26":0,"27":0,"28":0,"29":0,"30":0,"31":0,"32":0,"33":0,"34":0,"35":0,"36":0,"37":0,"38":0,"39":0,"40":0,"41":0,"42":0,"43":0,"44":0,"45":0,"46":0,"47":0,"48":0,"49":0,"50":0,"51":0,"52":0,"53":0,"54":0,"55":0,"56":0,"57":0,"58":0,"59":0,"60":0,"61":0,"62":0,"63":0,"64":0,"65":0,"66":0,"67":0,"68":0,"69":0,"70":0,"71":0,"72":0,"73":0,"74":0,"75":0,"76":0,"77":0,"78":0,"79":0,"80":0,"81":0,"82":0,"83":0,"84":0,"85":0,"86":0,"87":0,"88":0,"89":0,"90":0,"91":0,"92":0,"93":0,"94":0,"95":0,"96":0,"97":0,"98":0,"99":0,"100":0,"101":0,"102":0,"103":0,"104":0,"105":0,"106":0,"107":0,"108":0,"109":0,"110":0,"111":0,"112":0,"113":0,"114":0,"115":0,"116":0,"117":0},"f":{"0":0,"1":0,"2":0,"3":0,"4":0,"5":0,"6":0,"7":0,"8":0,"9":0,"10":0,"11":0,"12":0,"13":0,"14":0,"15":0,"16":0},"b":{"0":[0,0],"1":[0,0],"2":[0,0],"3":[0,0],"4":[0,0],"5":[0,0],"6":[0,0],"7":[0,0],"8":[0,0],"9":[0,0],"10":[0,0],"11":[0,0],"12":[0,0],"13":[0,0],"14":[0,0],"15":[0,0,0],"16":[0,0],"17":[0,0],"18":[0,0],"19":[0,0],"20":[0,0],"21":[0,0],"22":[0,0],"23":[0,0],"24":[0,0],"25":[0,0],"26":[0,0],"27":[0,0],"28":[0,0],"29":[0,0],"30":[0,0],"31":[0,0],"32":[0,0],"33":[0,0],"34":[0,0]}}
,"C:\\Users\\jonas\\OneDrive\\Documents\\GitHub\\Carbon\\Carbon\\navigation\\screens\\Settings\\SettingsScreen.js": {"path":"C:\\Users\\jonas\\OneDrive\\Documents\\GitHub\\Carbon\\Carbon\\navigation\\screens\\Settings\\SettingsScreen.js","statementMap":{"0":{"start":{"line":5,"column":4},"end":{"line":25,"column":5}},"1":{"start":{"line":15,"column":20},"end":{"line":15,"column":47}}},"fnMap":{"0":{"name":"SettingsScreen","decl":{"start":{"line":4,"column":24},"end":{"line":4,"column":38}},"loc":{"start":{"line":4,"column":53},"end":{"line":26,"column":1}},"line":4},"1":{"name":"(anonymous_1)","decl":{"start":{"line":14,"column":25},"end":{"line":14,"column":26}},"loc":{"start":{"line":15,"column":20},"end":{"line":15,"column":47}},"line":15}},"branchMap":{},"s":{"0":0,"1":0},"f":{"0":0,"1":0},"b":{}}
}
