TN:
SF:App.js
FN:4,App
FNF:1
FNH:0
FNDA:0,App
DA:5,0
LF:1
LH:0
BRF:0
BRH:0
end_of_record
TN:
SF:colors\Colors.js
FNF:0
FNH:0
DA:1,1
LF:1
LH:1
BRF:0
BRH:0
end_of_record
TN:
SF:components\ChartData.js
FN:15,DailyLog
FN:24,(anonymous_1)
FN:25,(anonymous_2)
FN:26,(anonymous_3)
FN:27,(anonymous_4)
FN:28,(anonymous_5)
FN:68,(anonymous_6)
FN:69,(anonymous_7)
FNF:8
FNH:8
FNDA:1,DailyLog
FNDA:2,(anonymous_1)
FNDA:2,(anonymous_2)
FNDA:2,(anonymous_3)
FNDA:2,(anonymous_4)
FNDA:2,(anonymous_5)
FNDA:12,(anonymous_6)
FNDA:20,(anonymous_7)
DA:6,1
DA:7,1
DA:8,1
DA:9,1
DA:10,1
DA:18,1
DA:24,2
DA:25,2
DA:26,2
DA:27,2
DA:28,2
DA:34,1
DA:51,1
DA:68,12
DA:69,20
LF:15
LH:15
BRDA:24,0,0,0
BRDA:25,1,0,0
BRDA:26,2,0,0
BRDA:27,3,0,0
BRDA:28,4,0,0
BRDA:68,5,0,0
BRDA:69,6,0,0
BRF:7
BRH:0
end_of_record
TN:
SF:navigation\screens\index.js
FNF:0
FNH:0
LF:0
LH:0
BRF:0
BRH:0
end_of_record
TN:
SF:navigation\screens\Browser\BrowserScreen.js
FN:5,(anonymous_0)
FN:6,(anonymous_1)
FN:20,(anonymous_2)
FNF:3
FNH:0
FNDA:0,(anonymous_0)
FNDA:0,(anonymous_1)
FNDA:0,(anonymous_2)
DA:5,0
DA:6,0
DA:7,0
DA:21,0
LF:4
LH:0
BRF:0
BRH:0
end_of_record
TN:
SF:navigation\screens\Forum\ForumScreen.js
FN:4,ForumScreen
FN:14,(anonymous_1)
FNF:2
FNH:0
FNDA:0,ForumScreen
FNDA:0,(anonymous_1)
DA:5,0
DA:15,0
LF:2
LH:0
BRF:0
BRH:0
end_of_record
TN:
SF:navigation\screens\Home\GetData.js
FN:6,(anonymous_0)
FNF:1
FNH:0
FNDA:0,(anonymous_0)
DA:6,0
DA:7,0
DA:8,0
DA:10,0
DA:11,0
DA:12,0
DA:13,0
DA:14,0
DA:15,0
DA:18,0
LF:10
LH:0
BRF:0
BRH:0
end_of_record
TN:
SF:navigation\screens\Home\HomeScreen.js
FN:4,HomeScreen
FN:14,(anonymous_1)
FNF:2
FNH:0
FNDA:0,HomeScreen
FNDA:0,(anonymous_1)
DA:5,0
DA:15,0
LF:2
LH:0
BRF:0
BRH:0
end_of_record
TN:
SF:navigation\screens\Home\Log.js
FN:14,Log
FN:21,(anonymous_1)
FN:23,callGetData
FN:41,(anonymous_3)
FN:49,(anonymous_4)
FN:57,(anonymous_5)
FN:62,(anonymous_6)
FN:83,(anonymous_7)
FNF:8
FNH:0
FNDA:0,Log
FNDA:0,(anonymous_1)
FNDA:0,callGetData
FNDA:0,(anonymous_3)
FNDA:0,(anonymous_4)
FNDA:0,(anonymous_5)
FNDA:0,(anonymous_6)
FNDA:0,(anonymous_7)
DA:15,0
DA:16,0
DA:18,0
DA:19,0
DA:21,0
DA:24,0
DA:25,0
DA:26,0
DA:27,0
DA:30,0
DA:33,0
DA:35,0
DA:36,0
DA:41,0
DA:42,0
DA:43,0
DA:45,0
DA:49,0
DA:50,0
DA:51,0
DA:53,0
DA:57,0
DA:58,0
DA:59,0
DA:62,0
DA:63,0
DA:64,0
DA:68,0
DA:83,0
DA:125,0
DA:127,0
LF:31
LH:0
BRDA:35,0,0,0
BRDA:35,0,1,0
BRDA:42,1,0,0
BRDA:42,1,1,0
BRDA:50,2,0,0
BRDA:50,2,1,0
BRDA:58,3,0,0
BRDA:58,3,1,0
BRDA:63,4,0,0
BRDA:63,4,1,0
BRDA:83,5,0,0
BRDA:83,5,1,0
BRF:12
BRH:0
end_of_record
TN:
SF:navigation\screens\Main\IconNames.js
FNF:0
FNH:0
DA:1,0
LF:1
LH:0
BRF:0
BRH:0
end_of_record
TN:
SF:navigation\screens\Main\MainContainer.js
FN:35,(anonymous_0)
FN:44,(anonymous_1)
FN:54,(anonymous_2)
FN:55,(anonymous_3)
FN:72,(anonymous_4)
FN:81,(anonymous_5)
FN:83,(anonymous_6)
FN:104,(anonymous_7)
FN:126,(anonymous_8)
FN:142,MainContainer
FN:160,(anonymous_10)
FN:186,(anonymous_11)
FN:187,(anonymous_12)
FNF:13
FNH:0
FNDA:0,(anonymous_0)
FNDA:0,(anonymous_1)
FNDA:0,(anonymous_2)
FNDA:0,(anonymous_3)
FNDA:0,(anonymous_4)
FNDA:0,(anonymous_5)
FNDA:0,(anonymous_6)
FNDA:0,(anonymous_7)
FNDA:0,(anonymous_8)
FNDA:0,MainContainer
FNDA:0,(anonymous_10)
FNDA:0,(anonymous_11)
FNDA:0,(anonymous_12)
DA:17,0
DA:18,0
DA:35,0
DA:36,0
DA:45,0
DA:55,0
DA:72,0
DA:73,0
DA:82,0
DA:84,0
DA:104,0
DA:105,0
DA:126,0
DA:127,0
DA:143,0
DA:161,0
DA:186,0
DA:190,0
DA:192,0
DA:193,0
DA:195,0
DA:196,0
DA:198,0
DA:199,0
DA:201,0
DA:202,0
DA:204,0
DA:207,0
LF:28
LH:0
BRDA:190,0,0,0
BRDA:190,0,1,0
BRDA:190,0,2,0
BRDA:190,0,3,0
BRDA:190,0,4,0
BRF:5
BRH:0
end_of_record
TN:
SF:navigation\screens\Main\ScreenNames.js
FNF:0
FNH:0
DA:1,0
LF:1
LH:0
BRF:0
BRH:0
end_of_record
TN:
SF:navigation\screens\Progress\EmissionModal.js
FN:5,(anonymous_0)
FN:7,(anonymous_1)
FN:17,(anonymous_2)
FN:26,(anonymous_3)
FN:28,(anonymous_4)
FN:38,(anonymous_5)
FNF:6
FNH:0
FNDA:0,(anonymous_0)
FNDA:0,(anonymous_1)
FNDA:0,(anonymous_2)
FNDA:0,(anonymous_3)
FNDA:0,(anonymous_4)
FNDA:0,(anonymous_5)
DA:5,0
DA:6,0
DA:7,0
DA:8,0
DA:10,0
DA:18,0
DA:19,0
DA:26,0
DA:29,0
DA:30,0
DA:31,0
DA:39,0
DA:40,0
DA:54,0
LF:14
LH:0
BRF:0
BRH:0
end_of_record
TN:
SF:navigation\screens\Progress\ProgressScreen.js
FN:5,ProgressScreen
FN:15,(anonymous_1)
FNF:2
FNH:0
FNDA:0,ProgressScreen
FNDA:0,(anonymous_1)
DA:6,0
DA:16,0
LF:2
LH:0
BRF:0
BRH:0
end_of_record
TN:
SF:navigation\screens\Progress\RecordEmission.js
FN:6,(anonymous_0)
FN:15,(anonymous_1)
FN:18,(anonymous_2)
FN:22,(anonymous_3)
FN:33,(anonymous_4)
FN:39,(anonymous_5)
FN:46,(anonymous_6)
FN:53,(anonymous_7)
FN:61,(anonymous_8)
FN:70,(anonymous_9)
FN:75,(anonymous_10)
FN:78,(anonymous_11)
FN:83,(anonymous_12)
FN:86,(anonymous_13)
FN:91,(anonymous_14)
FN:94,(anonymous_15)
FNF:16
FNH:0
FNDA:0,(anonymous_0)
FNDA:0,(anonymous_1)
FNDA:0,(anonymous_2)
FNDA:0,(anonymous_3)
FNDA:0,(anonymous_4)
FNDA:0,(anonymous_5)
FNDA:0,(anonymous_6)
FNDA:0,(anonymous_7)
FNDA:0,(anonymous_8)
FNDA:0,(anonymous_9)
FNDA:0,(anonymous_10)
FNDA:0,(anonymous_11)
FNDA:0,(anonymous_12)
FNDA:0,(anonymous_13)
FNDA:0,(anonymous_14)
FNDA:0,(anonymous_15)
DA:6,0
DA:7,0
DA:8,0
DA:9,0
DA:10,0
DA:15,0
DA:16,0
DA:18,0
DA:19,0
DA:22,0
DA:23,0
DA:25,0
DA:34,0
DA:40,0
DA:41,0
DA:47,0
DA:48,0
DA:54,0
DA:55,0
DA:61,0
DA:71,0
DA:72,0
DA:75,0
DA:79,0
DA:80,0
DA:83,0
DA:87,0
DA:88,0
DA:91,0
DA:94,0
DA:104,0
LF:31
LH:0
BRF:0
BRH:0
end_of_record
TN:
SF:navigation\screens\Quiz\QuizScreen.js
FN:9,(anonymous_0)
FN:17,(anonymous_1)
FN:31,(anonymous_2)
FN:41,(anonymous_3)
FN:76,(anonymous_4)
FN:78,(anonymous_5)
FNF:6
FNH:0
FNDA:0,(anonymous_0)
FNDA:0,(anonymous_1)
FNDA:0,(anonymous_2)
FNDA:0,(anonymous_3)
FNDA:0,(anonymous_4)
FNDA:0,(anonymous_5)
DA:7,0
DA:9,0
DA:11,0
DA:12,0
DA:13,0
DA:17,0
DA:18,0
DA:19,0
DA:20,0
DA:21,0
DA:22,0
DA:23,0
DA:27,0
DA:31,0
DA:32,0
DA:36,0
DA:37,0
DA:38,0
DA:41,0
DA:42,0
DA:43,0
DA:46,0
DA:47,0
DA:50,0
DA:55,0
DA:77,0
DA:78,0
LF:27
LH:0
BRDA:42,0,0,0
BRDA:42,0,1,0
BRDA:46,1,0,0
BRDA:46,1,1,0
BRDA:58,2,0,0
BRDA:58,2,1,0
BRDA:66,3,0,0
BRDA:66,3,1,0
BRF:8
BRH:0
end_of_record
TN:
SF:navigation\screens\Ranking\RankingScreen.js
FN:18,RankingScreen
FN:45,(anonymous_1)
FN:86,(anonymous_2)
FN:118,(anonymous_3)
FN:180,(anonymous_4)
FN:199,(anonymous_5)
FN:208,(anonymous_6)
FN:209,(anonymous_7)
FN:225,(anonymous_8)
FN:231,(anonymous_9)
FN:238,(anonymous_10)
FN:282,(anonymous_11)
FN:284,(anonymous_12)
FN:297,(anonymous_13)
FN:299,(anonymous_14)
FN:339,(anonymous_15)
FN:357,renderListEntry
FNF:17
FNH:0
FNDA:0,RankingScreen
FNDA:0,(anonymous_1)
FNDA:0,(anonymous_2)
FNDA:0,(anonymous_3)
FNDA:0,(anonymous_4)
FNDA:0,(anonymous_5)
FNDA:0,(anonymous_6)
FNDA:0,(anonymous_7)
FNDA:0,(anonymous_8)
FNDA:0,(anonymous_9)
FNDA:0,(anonymous_10)
FNDA:0,(anonymous_11)
FNDA:0,(anonymous_12)
FNDA:0,(anonymous_13)
FNDA:0,(anonymous_14)
FNDA:0,(anonymous_15)
FNDA:0,renderListEntry
DA:6,0
DA:7,0
DA:11,0
DA:12,0
DA:15,0
DA:16,0
DA:23,0
DA:24,0
DA:25,0
DA:26,0
DA:27,0
DA:32,0
DA:33,0
DA:36,0
DA:37,0
DA:38,0
DA:45,0
DA:46,0
DA:47,0
DA:50,0
DA:51,0
DA:54,0
DA:55,0
DA:57,0
DA:58,0
DA:59,0
DA:60,0
DA:61,0
DA:63,0
DA:66,0
DA:67,0
DA:68,0
DA:69,0
DA:70,0
DA:75,0
DA:76,0
DA:77,0
DA:78,0
DA:80,0
DA:86,0
DA:87,0
DA:88,0
DA:89,0
DA:92,0
DA:93,0
DA:94,0
DA:95,0
DA:96,0
DA:99,0
DA:100,0
DA:103,0
DA:104,0
DA:105,0
DA:106,0
DA:110,0
DA:111,0
DA:113,0
DA:118,0
DA:120,0
DA:123,0
DA:126,0
DA:127,0
DA:128,0
DA:130,0
DA:133,0
DA:136,0
DA:137,0
DA:140,0
DA:143,0
DA:144,0
DA:148,0
DA:152,0
DA:153,0
DA:154,0
DA:156,0
DA:158,0
DA:161,0
DA:162,0
DA:163,0
DA:168,0
DA:170,0
DA:180,0
DA:181,0
DA:183,0
DA:184,0
DA:185,0
DA:187,0
DA:188,0
DA:189,0
DA:192,0
DA:193,0
DA:199,0
DA:201,0
DA:202,0
DA:204,0
DA:208,0
DA:209,0
DA:213,0
DA:225,0
DA:231,0
DA:238,0
DA:282,0
DA:284,0
DA:297,0
DA:299,0
DA:339,0
DA:359,0
DA:360,0
DA:361,0
DA:374,0
DA:392,0
LF:111
LH:0
BRDA:54,0,0,0
BRDA:54,0,1,0
BRDA:66,1,0,0
BRDA:66,1,1,0
BRDA:92,2,0,0
BRDA:92,2,1,0
BRDA:99,3,0,0
BRDA:99,3,1,0
BRDA:103,4,0,0
BRDA:103,4,1,0
BRDA:120,5,0,0
BRDA:120,5,1,0
BRDA:123,6,0,0
BRDA:123,6,1,0
BRDA:126,7,0,0
BRDA:126,7,1,0
BRDA:126,8,0,0
BRDA:126,8,1,0
BRDA:133,9,0,0
BRDA:133,9,1,0
BRDA:140,10,0,0
BRDA:140,10,1,0
BRDA:143,11,0,0
BRDA:143,11,1,0
BRDA:148,12,0,0
BRDA:148,12,1,0
BRDA:153,13,0,0
BRDA:153,13,1,0
BRDA:161,14,0,0
BRDA:161,14,1,0
BRDA:181,15,0,0
BRDA:181,15,1,0
BRDA:181,15,2,0
BRDA:184,16,0,0
BRDA:184,16,1,0
BRDA:188,17,0,0
BRDA:188,17,1,0
BRDA:201,18,0,0
BRDA:201,18,1,0
BRDA:216,19,0,0
BRDA:216,19,1,0
BRDA:224,20,0,0
BRDA:224,20,1,0
BRDA:227,21,0,0
BRDA:227,21,1,0
BRDA:230,22,0,0
BRDA:230,22,1,0
BRDA:233,23,0,0
BRDA:233,23,1,0
BRDA:237,24,0,0
BRDA:237,24,1,0
BRDA:240,25,0,0
BRDA:240,25,1,0
BRDA:246,26,0,0
BRDA:246,26,1,0
BRDA:266,27,0,0
BRDA:266,27,1,0
BRDA:278,28,0,0
BRDA:278,28,1,0
BRDA:293,29,0,0
BRDA:293,29,1,0
BRDA:308,30,0,0
BRDA:308,30,1,0
BRDA:317,31,0,0
BRDA:317,31,1,0
BRDA:322,32,0,0
BRDA:322,32,1,0
BRDA:360,33,0,0
BRDA:360,33,1,0
BRDA:362,34,0,0
BRDA:362,34,1,0
BRF:71
BRH:0
end_of_record
TN:
SF:navigation\screens\Settings\SettingsScreen.js
FN:4,SettingsScreen
FN:14,(anonymous_1)
FNF:2
FNH:0
FNDA:0,SettingsScreen
FNDA:0,(anonymous_1)
DA:5,0
DA:15,0
LF:2
LH:0
BRF:0
BRH:0
end_of_record
